app/build/outputs/logs/manifest-merger-debug-report.txt
-- Merging decision tree log ---
manifest
ADDED from src/main/AndroidManifest.xml:1:1-52:12
	package
		ADDED from src/main/AndroidManifest.xml:2:5-42
		INJECTED from src/main/AndroidManifest.xml
		INJECTED from src/main/AndroidManifest.xml
	android:versionName
		ADDED from src/main/AndroidManifest.xml:4:5-30
		INJECTED from src/main/AndroidManifest.xml
		INJECTED from src/main/AndroidManifest.xml
	android:versionCode
		ADDED from src/main/AndroidManifest.xml:3:5-28
		INJECTED from src/main/AndroidManifest.xml
		INJECTED from src/main/AndroidManifest.xml
	xmlns:android
		ADDED from src/main/AndroidManifest.xml:1:11-69
uses-sdk
ADDED from src/main/AndroidManifest.xml:6:5-8:41
	android:targetSdkVersion
		ADDED from src/main/AndroidManifest.xml:8:9-38
		INJECTED from src/main/AndroidManifest.xml
		INJECTED from src/main/AndroidManifest.xml
	android:minSdkVersion
		ADDED from src/main/AndroidManifest.xml:7:9-35
		INJECTED from src/main/AndroidManifest.xml
		INJECTED from src/main/AndroidManifest.xml
uses-permission#android.permission.NFC
ADDED from src/main/AndroidManifest.xml:11:5-62
	android:name
		ADDED from src/main/AndroidManifest.xml:11:22-59
uses-feature#android.hardware.nfc
ADDED from src/main/AndroidManifest.xml:13:5-81
	android:required
		ADDED from src/main/AndroidManifest.xml:13:55-78
	android:name
		ADDED from src/main/AndroidManifest.xml:13:19-54
application
ADDED from src/main/AndroidManifest.xml:15:5-50:19
	android:label
		ADDED from src/main/AndroidManifest.xml:17:9-41
	android:icon
		ADDED from src/main/AndroidManifest.xml:16:9-45
	android:theme
		ADDED from src/main/AndroidManifest.xml:18:9-40
activity#me.gensan.android.readnfc.SampleNFCActivity
ADDED from src/main/AndroidManifest.xml:19:9-49:20
	android:label
		ADDED from src/main/AndroidManifest.xml:21:13-45
	android:name
		ADDED from src/main/AndroidManifest.xml:20:13-71
intent-filter#android.intent.action.MAIN+android.intent.category.LAUNCHER
ADDED from src/main/AndroidManifest.xml:22:13-25:29
action#android.intent.action.MAIN
ADDED from src/main/AndroidManifest.xml:23:17-69
	android:name
		ADDED from src/main/AndroidManifest.xml:23:25-66
category#android.intent.category.LAUNCHER
ADDED from src/main/AndroidManifest.xml:24:17-77
	android:name
		ADDED from src/main/AndroidManifest.xml:24:27-74
intent-filter#android.intent.category.DEFAULT+android.nfc.action.NDEF_DISCOVERED
ADDED from src/main/AndroidManifest.xml:27:4-31:20
action#android.nfc.action.NDEF_DISCOVERED
ADDED from src/main/AndroidManifest.xml:28:8-67
	android:name
		ADDED from src/main/AndroidManifest.xml:28:16-65
category#android.intent.category.DEFAULT
ADDED from src/main/AndroidManifest.xml:29:8-66
	android:name
		ADDED from src/main/AndroidManifest.xml:29:18-64
data
ADDED from src/main/AndroidManifest.xml:30:8-46
	android:mimeType
		ADDED from src/main/AndroidManifest.xml:30:14-43
intent-filter#android.intent.category.DEFAULT+android.nfc.action.TECH_DISCOVERED
ADDED from src/main/AndroidManifest.xml:39:4-42:20
action#android.nfc.action.TECH_DISCOVERED
ADDED from src/main/AndroidManifest.xml:40:8-67
	android:name
		ADDED from src/main/AndroidManifest.xml:40:16-65
meta-data#android.nfc.action.TECH_DISCOVERED
ADDED from src/main/AndroidManifest.xml:43:4-106
	android:resource
		ADDED from src/main/AndroidManifest.xml:43:65-104
	android:name
		ADDED from src/main/AndroidManifest.xml:43:15-64
intent-filter#android.intent.category.DEFAULT+android.nfc.action.TAG_DISCOVERED
ADDED from src/main/AndroidManifest.xml:45:4-48:20
action#android.nfc.action.TAG_DISCOVERED
ADDED from src/main/AndroidManifest.xml:46:8-66
	android:name
		ADDED from src/main/AndroidManifest.xml:46:16-64